<?xml version="1.0" encoding="UTF-8"?>
<!-- Generated by org.testng.reporters.JUnitXMLReporter -->
<testsuite hostname="DESKTOP-G9K1F1B" ignored="0" name="Default test" tests="3" failures="0" timestamp="2022-01-16T23:10:19 IST" time="48.22" errors="0">
  <testcase name="Method" time="4.829" classname="com.TestNG.Convert_Testng$Covert"/>
  <testcase name="frame" time="9.037" classname="com.TestNG.Convert_Testng$Covert"/>
  <testcase name="Confirmation" time="19.367" classname="com.TestNG.Convert_Testng$Covert"/>
</testsuite> <!-- Default test -->
