<?xml version="1.0" encoding="UTF-8"?>
<!-- Generated by org.testng.reporters.JUnitXMLReporter -->
<testsuite hostname="DESKTOP-G9K1F1B" ignored="6" name="Test" tests="1" failures="0" timestamp="29 Dec 2021 11:25:43 GMT" time="0.054" errors="0">
  <testcase name="tvChannel" time="0.017" classname="com.testng.features.Grouping_Test"/>
  <testcase name="flipkart" time="0.0" classname="com.testng.features.Grouping_Test">
    <ignored/>
  </testcase> <!-- flipkart -->
  <testcase name="phonePe" time="0.0" classname="com.testng.features.Grouping_Test">
    <ignored/>
  </testcase> <!-- phonePe -->
  <testcase name="goolgePay" time="0.0" classname="com.testng.features.Grouping_Test">
    <ignored/>
  </testcase> <!-- goolgePay -->
  <testcase name="cricket" time="0.0" classname="com.testng.features.Grouping_Test">
    <ignored/>
  </testcase> <!-- cricket -->
  <testcase name="amazon" time="0.0" classname="com.testng.features.Grouping_Test">
    <ignored/>
  </testcase> <!-- amazon -->
  <testcase name="myntra" time="0.0" classname="com.testng.features.Grouping_Test">
    <ignored/>
  </testcase> <!-- myntra -->
</testsuite> <!-- Test -->
