<?xml version="1.0" encoding="UTF-8"?>
<testng-results skipped="0" failed="0" ignored="0" total="2" passed="2">
  <reporter-output>
  </reporter-output>
  <suite name="Default suite" duration-ms="260" started-at="2022-01-05T22:58:15 IST" finished-at="2022-01-05T22:58:16 IST">
    <groups>
    </groups>
    <test name="Default test" duration-ms="260" started-at="2022-01-05T22:58:15 IST" finished-at="2022-01-05T22:58:16 IST">
      <class name="com.testng.features.Dataprovider_Test">
        <test-method status="PASS" signature="userdetails(java.lang.String, int)[pri:0, instance:com.testng.features.Dataprovider_Test@71bbf57e]" name="userdetails" duration-ms="28" started-at="2022-01-05T22:58:16 IST" data-provider="test_Data" finished-at="2022-01-05T22:58:16 IST">
          <params>
            <param index="0">
              <value>
                <![CDATA[abc]]>
              </value>
            </param>
            <param index="1">
              <value>
                <![CDATA[123]]>
              </value>
            </param>
          </params>
          <reporter-output>
          </reporter-output>
        </test-method> <!-- userdetails -->
        <test-method status="PASS" signature="userdetails(java.lang.String, int)[pri:0, instance:com.testng.features.Dataprovider_Test@71bbf57e]" name="userdetails" duration-ms="4" started-at="2022-01-05T22:58:16 IST" data-provider="test_Data" finished-at="2022-01-05T22:58:16 IST">
          <params>
            <param index="0">
              <value>
                <![CDATA[Hello123]]>
              </value>
            </param>
            <param index="1">
              <value>
                <![CDATA[26589565]]>
              </value>
            </param>
          </params>
          <reporter-output>
          </reporter-output>
        </test-method> <!-- userdetails -->
      </class> <!-- com.testng.features.Dataprovider_Test -->
    </test> <!-- Default test -->
  </suite> <!-- Default suite -->
</testng-results>
